uBridge version 1.0.1 running with libpcap version 1.10.4 (with TPACKET_V3)
Hypervisor TCP control server started (IP localhost port 43739).
UDP tunnel connecting from local port 10031 to IPv4 address 127.0.0.1 on port 10030
UDP tunnel connecting from local port 10006 to IPv4 address 192.168.56.101 on port 20004
Source NIO listener thread for VBOX-a49ca8f6-e197-414c-b2ba-84510f7eee22-0 has started
Destination NIO listener thread for VBOX-a49ca8f6-e197-414c-b2ba-84510f7eee22-0 has started
send: Connection refused
send: Connection refused
send: Connection refused
send: Connection refused
recv: Connection refused
send: Connection refused
recv: Connection refused
recv: Connection refused
recv: Connection refused
recv: Connection refused
recv: Connection refused
send: Connection refused
send: Connection refused
recv: Connection refused
recv: Connection refused
recv: Connection refused
recv: Connection refused
send: Connection refused
send: Connection refused
recv: Connection refused
send: Connection refused
recv: Connection refused
send: Connection refused
send: Connection refused
recv: Connection refused
recv: Connection refused
recv: Connection refused
recv: Connection refused
recv: Connection refused
send: Connection refused
recv: Connection refused
send: Connection refused
send: Connection refused
send: Connection refused
recv: Connection refused
recv: Connection refused
