uBridge version 1.0.1 running with libpcap version 1.10.4 (with TPACKET_V3)
Hypervisor TCP control server started (IP localhost port 36567).
UDP tunnel connecting from local port 10035 to IPv4 address 127.0.0.1 on port 10034
UDP tunnel connecting from local port 10010 to IPv4 address 127.0.0.1 on port 10009
Destination NIO listener thread for VBOX-8e369099-ec4d-4640-a091-71c883e6c4ef-0 has started
Source NIO listener thread for VBOX-8e369099-ec4d-4640-a091-71c883e6c4ef-0 has started
UDP tunnel connecting from local port 10037 to IPv4 address 127.0.0.1 on port 10036
UDP tunnel connecting from local port 10000 to IPv4 address 127.0.0.1 on port 10001
Source NIO listener thread for VBOX-8e369099-ec4d-4640-a091-71c883e6c4ef-1 has started
Destination NIO listener thread for VBOX-8e369099-ec4d-4640-a091-71c883e6c4ef-1 has started
UDP tunnel connecting from local port 10039 to IPv4 address 127.0.0.1 on port 10038
UDP tunnel connecting from local port 10002 to IPv4 address 192.168.56.101 on port 20000
Source NIO listener thread for VBOX-8e369099-ec4d-4640-a091-71c883e6c4ef-2 has started
Destination NIO listener thread for VBOX-8e369099-ec4d-4640-a091-71c883e6c4ef-2 has started
recv: Connection refused
send: Connection refused
recv: Connection refused
recv: Connection refused
send: Connection refused
recv: Connection refused
send: Connection refused
send: Connection refused
recv: Connection refused
recv: Connection refused
send: Connection refused
send: Connection refused
send: Connection refused
send: Connection refused
recv: Connection refused
recv: Connection refused
send: Connection refused
send: Connection refused
send: Connection refused
send: Connection refused
send: Connection refused
send: Connection refused
recv: Connection refused
recv: Connection refused
send: Connection refused
send: Connection refused
send: Connection refused
send: Connection refused
send: Connection refused
send: Connection refused
send: Connection refused
send: Connection refused
send: Connection refused
send: Connection refused
send: Connection refused
send: Connection refused
send: Connection refused
send: Connection refused
send: Connection refused
send: Connection refused
send: Connection refused
send: Connection refused
send: Connection refused
recv: Connection refused
recv: Connection refused
send: Connection refused
send: Connection refused
send: Connection refused
send: Connection refused
send: Connection refused
recv: Connection refused
recv: Connection refused
send: Connection refused
send: Connection refused
send: Connection refused
recv: Connection refused
recv: Connection refused
send: Connection refused
send: Connection refused
send: Connection refused
recv: Connection refused
recv: Connection refused
send: Connection refused
send: Connection refused
recv: Connection refused
send: Connection refused
recv: Connection refused
send: Connection refused
send: Connection refused
send: Connection refused
send: Connection refused
send: Connection refused
send: Connection refused
send: Connection refused
recv: Connection refused
recv: Connection refused
send: Connection refused
recv: Connection refused
recv: Connection refused
send: Connection refused
recv: Connection refused
recv: Connection refused
send: Connection refused
send: Connection refused
send: Connection refused
recv: Connection refused
recv: Connection refused
send: Connection refused
send: Connection refused
send: Connection refused
send: Connection refused
send: Connection refused
send: Connection refused
recv: Connection refused
send: Connection refused
recv: Connection refused
send: Connection refused
send: Connection refused
send: Connection refused
send: Connection refused
send: Connection refused
send: Connection refused
send: Connection refused
send: Connection refused
send: Connection refused
send: Connection refused
send: Connection refused
send: Connection refused
send: Connection refused
send: Connection refused
send: Connection refused
send: Connection refused
send: Connection refused
send: Connection refused
send: Connection refused
send: Connection refused
send: Connection refused
send: Connection refused
send: Connection refused
send: Connection refused
send: Connection refused
send: Connection refused
recv: Connection refused
send: Connection refused
recv: Connection refused
send: Connection refused
send: Connection refused
send: Connection refused
recv: Connection refused
recv: Connection refused
recv: Connection refused
send: Connection refused
recv: Connection refused
send: Connection refused
recv: Connection refused
recv: Connection refused
recv: Connection refused
send: Connection refused
recv: Connection refused
send: Connection refused
send: Connection refused
recv: Connection refused
send: Connection refused
recv: Connection refused
send: Connection refused
send: Connection refused
send: Connection refused
send: Connection refused
recv: Connection refused
send: Connection refused
recv: Connection refused
recv: Connection refused
send: Connection refused
recv: Connection refused
send: Connection refused
send: Connection refused
send: Connection refused
send: Connection refused
send: Connection refused
send: Connection refused
send: Connection refused
send: Connection refused
send: Connection refused
send: Connection refused
send: Connection refused
send: Connection refused
recv: Connection refused
send: Connection refused
recv: Connection refused
send: Connection refused
send: Connection refused
send: Connection refused
send: Connection refused
send: Connection refused
send: Connection refused
send: Connection refused
recv: Connection refused
recv: Connection refused
recv: Connection refused
send: Connection refused
recv: Connection refused
recv: Connection refused
recv: Connection refused
send: Connection refused
recv: Connection refused
send: Connection refused
recv: Connection refused
send: Connection refused
recv: Connection refused
recv: Connection refused
send: Connection refused
recv: Connection refused
recv: Connection refused
recv: Connection refused
send: Connection refused
recv: Connection refused
send: Connection refused
send: Connection refused
recv: Connection refused
send: Connection refused
recv: Connection refused
send: Connection refused
send: Connection refused
send: Connection refused
send: Connection refused
send: Connection refused
send: Connection refused
send: Connection refused
send: Connection refused
send: Connection refused
recv: Connection refused
recv: Connection refused
recv: Connection refused
send: Connection refused
recv: Connection refused
send: Connection refused
send: Connection refused
send: Connection refused
send: Connection refused
send: Connection refused
send: Connection refused
send: Connection refused
send: Connection refused
send: Connection refused
send: Connection refused
send: Connection refused
send: Connection refused
send: Connection refused
send: Connection refused
send: Connection refused
send: Connection refused
send: Connection refused
send: Connection refused
send: Connection refused
send: Connection refused
send: Connection refused
send: Connection refused
recv: Connection refused
send: Connection refused
recv: Connection refused
send: Connection refused
send: Connection refused
