uBridge version 1.0.1 running with libpcap version 1.10.4 (with TPACKET_V3)
Hypervisor TCP control server started (IP localhost port 33427).
UDP tunnel connecting from local port 10015 to IPv4 address 127.0.0.1 on port 10014
UDP tunnel connecting from local port 10013 to IPv4 address 192.168.56.101 on port 20009
Source NIO listener thread for VBOX-a75ea927-eb74-47fd-8f06-3f5fe24f55d7-0 has started
Destination NIO listener thread for VBOX-a75ea927-eb74-47fd-8f06-3f5fe24f55d7-0 has started
UDP tunnel connecting from local port 10017 to IPv4 address 127.0.0.1 on port 10016
UDP tunnel connecting from local port 10009 to IPv4 address 127.0.0.1 on port 10010
Source NIO listener thread for VBOX-a75ea927-eb74-47fd-8f06-3f5fe24f55d7-1 has started
Destination NIO listener thread for VBOX-a75ea927-eb74-47fd-8f06-3f5fe24f55d7-1 has started
UDP tunnel connecting from local port 10019 to IPv4 address 127.0.0.1 on port 10018
UDP tunnel connecting from local port 10011 to IPv4 address 192.168.56.101 on port 20007
Source NIO listener thread for VBOX-a75ea927-eb74-47fd-8f06-3f5fe24f55d7-2 has started
Destination NIO listener thread for VBOX-a75ea927-eb74-47fd-8f06-3f5fe24f55d7-2 has started
UDP tunnel connecting from local port 10021 to IPv4 address 127.0.0.1 on port 10020
UDP tunnel connecting from local port 10012 to IPv4 address 192.168.56.101 on port 20008
Source NIO listener thread for VBOX-a75ea927-eb74-47fd-8f06-3f5fe24f55d7-3 has started
Destination NIO listener thread for VBOX-a75ea927-eb74-47fd-8f06-3f5fe24f55d7-3 has started
recv: Connection refused
recv: Connection refused
recv: Connection refused
recv: Connection refused
recv: Connection refused
recv: Connection refused
recv: Connection refused
recv: Connection refused
recv: Connection refused
recv: Connection refused
send: Connection refused
send: Connection refused
send: Connection refused
send: Connection refused
send: Connection refused
send: Connection refused
send: Connection refused
send: Connection refused
send: Connection refused
send: Connection refused
send: Connection refused
send: Connection refused
recv: Connection refused
send: Connection refused
recv: Connection refused
send: Connection refused
recv: Connection refused
recv: Connection refused
send: Connection refused
send: Connection refused
recv: Connection refused
send: Connection refused
recv: Connection refused
send: Connection refused
send: Connection refused
send: Connection refused
send: Connection refused
send: Connection refused
send: Connection refused
send: Connection refused
send: Connection refused
send: Connection refused
send: Connection refused
send: Connection refused
send: Connection refused
send: Connection refused
send: Connection refused
send: Connection refused
send: Connection refused
send: Connection refused
send: Connection refused
send: Connection refused
recv: Connection refused
recv: Connection refused
send: Connection refused
send: Connection refused
send: Connection refused
send: Connection refused
send: Connection refused
send: Connection refused
send: Connection refused
send: Connection refused
send: Connection refused
recv: Connection refused
recv: Connection refused
send: Connection refused
recv: Connection refused
recv: Connection refused
send: Connection refused
send: Connection refused
send: Connection refused
send: Connection refused
send: Connection refused
recv: Connection refused
recv: Connection refused
send: Connection refused
send: Connection refused
send: Connection refused
send: Connection refused
send: Connection refused
send: Connection refused
send: Connection refused
send: Connection refused
send: Connection refused
recv: Connection refused
recv: Connection refused
send: Connection refused
send: Connection refused
send: Connection refused
send: Connection refused
send: Connection refused
send: Connection refused
recv: Connection refused
send: Connection refused
recv: Connection refused
send: Connection refused
send: Connection refused
send: Connection refused
send: Connection refused
send: Connection refused
send: Connection refused
send: Connection refused
send: Connection refused
send: Connection refused
recv: Connection refused
recv: Connection refused
send: Connection refused
send: Connection refused
recv: Connection refused
send: Connection refused
recv: Connection refused
send: Connection refused
send: Connection refused
send: Connection refused
recv: Connection refused
recv: Connection refused
send: Connection refused
send: Connection refused
send: Connection refused
send: Connection refused
send: Connection refused
send: Connection refused
send: Connection refused
send: Connection refused
send: Connection refused
send: Connection refused
recv: Connection refused
send: Connection refused
recv: Connection refused
send: Connection refused
send: Connection refused
recv: Connection refused
send: Connection refused
recv: Connection refused
send: Connection refused
send: Connection refused
send: Connection refused
send: Connection refused
send: Connection refused
send: Connection refused
send: Connection refused
send: Connection refused
send: Connection refused
send: Connection refused
send: Connection refused
send: Connection refused
send: Connection refused
send: Connection refused
send: Connection refused
send: Connection refused
send: Connection refused
recv: Connection refused
recv: Connection refused
send: Connection refused
send: Connection refused
send: Connection refused
send: Connection refused
send: Connection refused
send: Connection refused
send: Connection refused
send: Connection refused
send: Connection refused
recv: Connection refused
recv: Connection refused
send: Connection refused
send: Connection refused
send: Connection refused
send: Connection refused
send: Connection refused
send: Connection refused
send: Connection refused
send: Connection refused
send: Connection refused
send: Connection refused
send: Connection refused
send: Connection refused
send: Connection refused
send: Connection refused
send: Connection refused
send: Connection refused
send: Connection refused
send: Connection refused
send: Connection refused
send: Connection refused
send: Connection refused
send: Connection refused
send: Connection refused
send: Connection refused
send: Connection refused
send: Connection refused
send: Connection refused
send: Connection refused
send: Connection refused
send: Connection refused
send: Connection refused
send: Connection refused
send: Connection refused
send: Connection refused
send: Connection refused
send: Connection refused
recv: Connection refused
send: Connection refused
recv: Connection refused
send: Connection refused
send: Connection refused
send: Connection refused
send: Connection refused
send: Connection refused
send: Connection refused
send: Connection refused
send: Connection refused
send: Connection refused
send: Connection refused
send: Connection refused
recv: Connection refused
recv: Connection refused
send: Connection refused
recv: Connection refused
recv: Connection refused
send: Connection refused
send: Connection refused
send: Connection refused
send: Connection refused
send: Connection refused
send: Connection refused
send: Connection refused
send: Connection refused
send: Connection refused
send: Connection refused
send: Connection refused
send: Connection refused
send: Connection refused
send: Connection refused
send: Connection refused
send: Connection refused
send: Connection refused
send: Connection refused
send: Connection refused
recv: Connection refused
recv: Connection refused
send: Connection refused
send: Connection refused
send: Connection refused
send: Connection refused
send: Connection refused
send: Connection refused
send: Connection refused
send: Connection refused
send: Connection refused
send: Connection refused
send: Connection refused
send: Connection refused
send: Connection refused
recv: Connection refused
recv: Connection refused
send: Connection refused
recv: Connection refused
recv: Connection refused
send: Connection refused
send: Connection refused
send: Connection refused
send: Connection refused
send: Connection refused
send: Connection refused
send: Connection refused
send: Connection refused
send: Connection refused
send: Connection refused
send: Connection refused
send: Connection refused
recv: Connection refused
send: Connection refused
recv: Connection refused
send: Connection refused
send: Connection refused
send: Connection refused
recv: Connection refused
recv: Connection refused
send: Connection refused
send: Connection refused
send: Connection refused
send: Connection refused
send: Connection refused
send: Connection refused
send: Connection refused
send: Connection refused
send: Connection refused
send: Connection refused
send: Connection refused
send: Connection refused
send: Connection refused
send: Connection refused
send: Connection refused
recv: Connection refused
recv: Connection refused
send: Connection refused
send: Connection refused
send: Connection refused
send: Connection refused
send: Connection refused
send: Connection refused
send: Connection refused
send: Connection refused
send: Connection refused
send: Connection refused
send: Connection refused
send: Connection refused
send: Connection refused
send: Connection refused
send: Connection refused
send: Connection refused
send: Connection refused
recv: Connection refused
recv: Connection refused
send: Connection refused
send: Connection refused
send: Connection refused
recv: Connection refused
recv: Connection refused
recv: Connection refused
send: Connection refused
recv: Connection refused
send: Connection refused
send: Connection refused
send: Connection refused
send: Connection refused
recv: Connection refused
send: Connection refused
recv: Connection refused
send: Connection refused
send: Connection refused
recv: Connection refused
send: Connection refused
recv: Connection refused
send: Connection refused
send: Connection refused
send: Connection refused
recv: Connection refused
recv: Connection refused
recv: Connection refused
send: Connection refused
recv: Connection refused
recv: Connection refused
send: Connection refused
recv: Connection refused
recv: Connection refused
send: Connection refused
recv: Connection refused
send: Connection refused
send: Connection refused
send: Connection refused
recv: Connection refused
recv: Connection refused
send: Connection refused
send: Connection refused
send: Connection refused
send: Connection refused
send: Connection refused
send: Connection refused
send: Connection refused
recv: Connection refused
recv: Connection refused
send: Connection refused
send: Connection refused
send: Connection refused
recv: Connection refused
recv: Connection refused
send: Connection refused
recv: Connection refused
recv: Connection refused
send: Connection refused
send: Connection refused
send: Connection refused
recv: Connection refused
recv: Connection refused
send: Connection refused
send: Connection refused
send: Connection refused
send: Connection refused
send: Connection refused
send: Connection refused
send: Connection refused
recv: Connection refused
recv: Connection refused
send: Connection refused
send: Connection refused
send: Connection refused
recv: Connection refused
recv: Connection refused
send: Connection refused
send: Connection refused
recv: Connection refused
recv: Connection refused
recv: Connection refused
recv: Connection refused
recv: Connection refused
send: Connection refused
recv: Connection refused
send: Connection refused
send: Connection refused
send: Connection refused
send: Connection refused
send: Connection refused
send: Connection refused
send: Connection refused
send: Connection refused
send: Connection refused
send: Connection refused
recv: Connection refused
send: Connection refused
recv: Connection refused
send: Connection refused
send: Connection refused
send: Connection refused
recv: Connection refused
recv: Connection refused
recv: Connection refused
recv: Connection refused
recv: Connection refused
recv: Connection refused
recv: Connection refused
send: Connection refused
recv: Connection refused
send: Connection refused
send: Connection refused
send: Connection refused
send: Connection refused
recv: Connection refused
recv: Connection refused
recv: Connection refused
recv: Connection refused
send: Connection refused
send: Connection refused
send: Connection refused
send: Connection refused
send: Connection refused
recv: Connection refused
recv: Connection refused
send: Connection refused
send: Connection refused
recv: Connection refused
send: Connection refused
recv: Connection refused
send: Connection refused
send: Connection refused
send: Connection refused
send: Connection refused
send: Connection refused
send: Connection refused
send: Connection refused
send: Connection refused
send: Connection refused
send: Connection refused
send: Connection refused
recv: Connection refused
recv: Connection refused
send: Connection refused
recv: Connection refused
recv: Connection refused
send: Connection refused
send: Connection refused
send: Connection refused
send: Connection refused
send: Connection refused
send: Connection refused
send: Connection refused
send: Connection refused
send: Connection refused
recv: Connection refused
recv: Connection refused
send: Connection refused
send: Connection refused
recv: Connection refused
recv: Connection refused
recv: Connection refused
recv: Connection refused
send: Connection refused
send: Connection refused
send: Connection refused
send: Connection refused
send: Connection refused
send: Connection refused
send: Connection refused
recv: Connection refused
recv: Connection refused
send: Connection refused
send: Connection refused
send: Connection refused
send: Connection refused
send: Connection refused
send: Connection refused
send: Connection refused
send: Connection refused
send: Connection refused
send: Connection refused
send: Connection refused
send: Connection refused
send: Connection refused
send: Connection refused
recv: Connection refused
send: Connection refused
recv: Connection refused
send: Connection refused
recv: Connection refused
recv: Connection refused
recv: Connection refused
recv: Connection refused
send: Connection refused
send: Connection refused
send: Connection refused
send: Connection refused
send: Connection refused
recv: Connection refused
send: Connection refused
recv: Connection refused
send: Connection refused
recv: Connection refused
recv: Connection refused
send: Connection refused
send: Connection refused
send: Connection refused
send: Connection refused
send: Connection refused
send: Connection refused
send: Connection refused
send: Connection refused
send: Connection refused
send: Connection refused
send: Connection refused
recv: Connection refused
recv: Connection refused
send: Connection refused
send: Connection refused
recv: Connection refused
send: Connection refused
recv: Connection refused
send: Connection refused
send: Connection refused
send: Connection refused
recv: Connection refused
recv: Connection refused
send: Connection refused
send: Connection refused
send: Connection refused
recv: Connection refused
recv: Connection refused
send: Connection refused
send: Connection refused
send: Connection refused
send: Connection refused
send: Connection refused
send: Connection refused
send: Connection refused
send: Connection refused
send: Connection refused
recv: Connection refused
recv: Connection refused
send: Connection refused
send: Connection refused
send: Connection refused
send: Connection refused
send: Connection refused
send: Connection refused
send: Connection refused
recv: Connection refused
recv: Connection refused
send: Connection refused
send: Connection refused
send: Connection refused
send: Connection refused
recv: Connection refused
send: Connection refused
recv: Connection refused
send: Connection refused
send: Connection refused
send: Connection refused
send: Connection refused
send: Connection refused
send: Connection refused
send: Connection refused
send: Connection refused
send: Connection refused
send: Connection refused
send: Connection refused
send: Connection refused
send: Connection refused
send: Connection refused
send: Connection refused
recv: Connection refused
recv: Connection refused
send: Connection refused
send: Connection refused
send: Connection refused
send: Connection refused
send: Connection refused
send: Connection refused
send: Connection refused
send: Connection refused
send: Connection refused
send: Connection refused
recv: Connection refused
send: Connection refused
recv: Connection refused
send: Connection refused
send: Connection refused
send: Connection refused
send: Connection refused
recv: Connection refused
send: Connection refused
recv: Connection refused
send: Connection refused
send: Connection refused
recv: Connection refused
send: Connection refused
recv: Connection refused
send: Connection refused
send: Connection refused
send: Connection refused
send: Connection refused
recv: Connection refused
send: Connection refused
recv: Connection refused
send: Connection refused
send: Connection refused
send: Connection refused
send: Connection refused
recv: Connection refused
send: Connection refused
recv: Connection refused
send: Connection refused
send: Connection refused
send: Connection refused
send: Connection refused
recv: Connection refused
send: Connection refused
recv: Connection refused
send: Connection refused
recv: Connection refused
recv: Connection refused
send: Connection refused
recv: Connection refused
recv: Connection refused
send: Connection refused
send: Connection refused
recv: Connection refused
recv: Connection refused
recv: Connection refused
recv: Connection refused
recv: Connection refused
recv: Connection refused
recv: Connection refused
send: Connection refused
recv: Connection refused
recv: Connection refused
recv: Connection refused
recv: Connection refused
recv: Connection refused
recv: Connection refused
recv: Connection refused
send: Connection refused
send: Connection refused
send: Connection refused
send: Connection refused
send: Connection refused
send: Connection refused
send: Connection refused
send: Connection refused
